<?xml version="1.0" encoding="UTF-8"?>
<testsuite xmlns:xsi="http://www.w3.org/2001/XMLSchema-instance" xsi:noNamespaceSchemaLocation="https://maven.apache.org/surefire/maven-surefire-plugin/xsd/surefire-test-report.xsd" name="org.util.AppTest" time="0.021" tests="1" errors="0" skipped="0" failures="0">
  <properties>
    <property name="sun.desktop" value="windows"/>
    <property name="awt.toolkit" value="sun.awt.windows.WToolkit"/>
    <property name="file.encoding.pkg" value="sun.io"/>
    <property name="java.specification.version" value="1.8"/>
    <property name="sun.cpu.isalist" value="amd64"/>
    <property name="sun.jnu.encoding" value="GBK"/>
    <property name="java.class.path" value="D:\eclipse-workspace\DefeatEast\util\target\test-classes;D:\eclipse-workspace\DefeatEast\util\target\classes;E:\maven\location\junit\junit\3.8.1\junit-3.8.1.jar;E:\maven\location\mybatis\mybatis\0.0.1-SNAPSHOT\mybatis-0.0.1-SNAPSHOT.jar;E:\maven\location\org\mybatis\mybatis\3.4.4\mybatis-3.4.4.jar;E:\maven\location\org\mybatis\mybatis-spring\1.3.1\mybatis-spring-1.3.1.jar;E:\maven\location\io\jsonwebtoken\jjwt\0.7.0\jjwt-0.7.0.jar;E:\maven\location\com\fasterxml\jackson\core\jackson-databind\2.9.6\jackson-databind-2.9.6.jar;E:\maven\location\com\fasterxml\jackson\core\jackson-annotations\2.9.0\jackson-annotations-2.9.0.jar;E:\maven\location\com\fasterxml\jackson\core\jackson-core\2.9.6\jackson-core-2.9.6.jar;E:\maven\location\org\apache\httpcomponents\httpclient\4.5.5\httpclient-4.5.5.jar;E:\maven\location\org\apache\httpcomponents\httpcore\4.4.9\httpcore-4.4.9.jar;E:\maven\location\commons-codec\commons-codec\1.11\commons-codec-1.11.jar;E:\maven\location\org\springframework\boot\spring-boot-starter-web\2.0.3.RELEASE\spring-boot-starter-web-2.0.3.RELEASE.jar;E:\maven\location\org\springframework\boot\spring-boot-starter\2.0.3.RELEASE\spring-boot-starter-2.0.3.RELEASE.jar;E:\maven\location\org\springframework\boot\spring-boot\2.0.3.RELEASE\spring-boot-2.0.3.RELEASE.jar;E:\maven\location\org\springframework\boot\spring-boot-autoconfigure\2.0.3.RELEASE\spring-boot-autoconfigure-2.0.3.RELEASE.jar;E:\maven\location\org\springframework\boot\spring-boot-starter-logging\2.0.3.RELEASE\spring-boot-starter-logging-2.0.3.RELEASE.jar;E:\maven\location\ch\qos\logback\logback-classic\1.2.3\logback-classic-1.2.3.jar;E:\maven\location\ch\qos\logback\logback-core\1.2.3\logback-core-1.2.3.jar;E:\maven\location\org\apache\logging\log4j\log4j-to-slf4j\2.10.0\log4j-to-slf4j-2.10.0.jar;E:\maven\location\org\apache\logging\log4j\log4j-api\2.10.0\log4j-api-2.10.0.jar;E:\maven\location\org\slf4j\jul-to-slf4j\1.7.25\jul-to-slf4j-1.7.25.jar;E:\maven\location\javax\annotation\javax.annotation-api\1.3.2\javax.annotation-api-1.3.2.jar;E:\maven\location\org\yaml\snakeyaml\1.19\snakeyaml-1.19.jar;E:\maven\location\org\springframework\boot\spring-boot-starter-json\2.0.3.RELEASE\spring-boot-starter-json-2.0.3.RELEASE.jar;E:\maven\location\com\fasterxml\jackson\datatype\jackson-datatype-jdk8\2.9.6\jackson-datatype-jdk8-2.9.6.jar;E:\maven\location\com\fasterxml\jackson\datatype\jackson-datatype-jsr310\2.9.6\jackson-datatype-jsr310-2.9.6.jar;E:\maven\location\com\fasterxml\jackson\module\jackson-module-parameter-names\2.9.6\jackson-module-parameter-names-2.9.6.jar;E:\maven\location\org\springframework\boot\spring-boot-starter-tomcat\2.0.3.RELEASE\spring-boot-starter-tomcat-2.0.3.RELEASE.jar;E:\maven\location\org\apache\tomcat\embed\tomcat-embed-core\8.5.31\tomcat-embed-core-8.5.31.jar;E:\maven\location\org\apache\tomcat\embed\tomcat-embed-el\8.5.31\tomcat-embed-el-8.5.31.jar;E:\maven\location\org\apache\tomcat\embed\tomcat-embed-websocket\8.5.31\tomcat-embed-websocket-8.5.31.jar;E:\maven\location\org\hibernate\validator\hibernate-validator\6.0.10.Final\hibernate-validator-6.0.10.Final.jar;E:\maven\location\javax\validation\validation-api\2.0.1.Final\validation-api-2.0.1.Final.jar;E:\maven\location\org\jboss\logging\jboss-logging\3.3.2.Final\jboss-logging-3.3.2.Final.jar;E:\maven\location\com\fasterxml\classmate\1.3.4\classmate-1.3.4.jar;E:\maven\location\org\springframework\spring-web\5.0.7.RELEASE\spring-web-5.0.7.RELEASE.jar;E:\maven\location\org\springframework\spring-beans\5.0.7.RELEASE\spring-beans-5.0.7.RELEASE.jar;E:\maven\location\org\springframework\spring-webmvc\5.0.7.RELEASE\spring-webmvc-5.0.7.RELEASE.jar;E:\maven\location\org\springframework\spring-aop\5.0.7.RELEASE\spring-aop-5.0.7.RELEASE.jar;E:\maven\location\org\springframework\spring-context\5.0.7.RELEASE\spring-context-5.0.7.RELEASE.jar;E:\maven\location\org\springframework\spring-expression\5.0.7.RELEASE\spring-expression-5.0.7.RELEASE.jar;E:\maven\location\mysql\mysql-connector-java\5.1.46\mysql-connector-java-5.1.46.jar;E:\maven\location\org\springframework\boot\spring-boot-starter-jdbc\2.0.3.RELEASE\spring-boot-starter-jdbc-2.0.3.RELEASE.jar;E:\maven\location\com\zaxxer\HikariCP\2.7.9\HikariCP-2.7.9.jar;E:\maven\location\org\slf4j\slf4j-api\1.7.25\slf4j-api-1.7.25.jar;E:\maven\location\org\springframework\spring-jdbc\5.0.7.RELEASE\spring-jdbc-5.0.7.RELEASE.jar;E:\maven\location\org\springframework\spring-tx\5.0.7.RELEASE\spring-tx-5.0.7.RELEASE.jar;E:\maven\location\org\springframework\boot\spring-boot-starter-test\2.0.3.RELEASE\spring-boot-starter-test-2.0.3.RELEASE.jar;E:\maven\location\org\springframework\boot\spring-boot-test\2.0.3.RELEASE\spring-boot-test-2.0.3.RELEASE.jar;E:\maven\location\org\springframework\boot\spring-boot-test-autoconfigure\2.0.3.RELEASE\spring-boot-test-autoconfigure-2.0.3.RELEASE.jar;E:\maven\location\com\jayway\jsonpath\json-path\2.4.0\json-path-2.4.0.jar;E:\maven\location\net\minidev\json-smart\2.3\json-smart-2.3.jar;E:\maven\location\net\minidev\accessors-smart\1.2\accessors-smart-1.2.jar;E:\maven\location\org\ow2\asm\asm\5.0.4\asm-5.0.4.jar;E:\maven\location\org\assertj\assertj-core\3.9.1\assertj-core-3.9.1.jar;E:\maven\location\org\mockito\mockito-core\2.15.0\mockito-core-2.15.0.jar;E:\maven\location\net\bytebuddy\byte-buddy\1.7.11\byte-buddy-1.7.11.jar;E:\maven\location\net\bytebuddy\byte-buddy-agent\1.7.11\byte-buddy-agent-1.7.11.jar;E:\maven\location\org\objenesis\objenesis\2.6\objenesis-2.6.jar;E:\maven\location\org\hamcrest\hamcrest-core\1.3\hamcrest-core-1.3.jar;E:\maven\location\org\hamcrest\hamcrest-library\1.3\hamcrest-library-1.3.jar;E:\maven\location\org\skyscreamer\jsonassert\1.5.0\jsonassert-1.5.0.jar;E:\maven\location\com\vaadin\external\google\android-json\0.0.20131108.vaadin1\android-json-0.0.20131108.vaadin1.jar;E:\maven\location\org\springframework\spring-core\5.0.7.RELEASE\spring-core-5.0.7.RELEASE.jar;E:\maven\location\org\springframework\spring-jcl\5.0.7.RELEASE\spring-jcl-5.0.7.RELEASE.jar;E:\maven\location\org\springframework\spring-test\5.0.7.RELEASE\spring-test-5.0.7.RELEASE.jar;E:\maven\location\org\xmlunit\xmlunit-core\2.5.1\xmlunit-core-2.5.1.jar;"/>
    <property name="java.vm.vendor" value="Oracle Corporation"/>
    <property name="sun.arch.data.model" value="64"/>
    <property name="user.variant" value=""/>
    <property name="java.vendor.url" value="http://java.oracle.com/"/>
    <property name="user.timezone" value="Asia/Shanghai"/>
    <property name="java.vm.specification.version" value="1.8"/>
    <property name="os.name" value="Windows 7"/>
    <property name="user.country" value="CN"/>
    <property name="sun.java.launcher" value="SUN_STANDARD"/>
    <property name="sun.boot.library.path" value="E:\java_____jdk\bin"/>
    <property name="sun.java.command" value="C:\Users\ADMINI~1\AppData\Local\Temp\surefire1417710459051081610\surefirebooter38107348710500003.jar C:\Users\Administrator\AppData\Local\Temp\surefire1417710459051081610 2018-06-23T10-25-53_373-jvmRun1 surefire2226544625585399604tmp surefire_08257499274132268039tmp"/>
    <property name="surefire.test.class.path" value="D:\eclipse-workspace\DefeatEast\util\target\test-classes;D:\eclipse-workspace\DefeatEast\util\target\classes;E:\maven\location\junit\junit\3.8.1\junit-3.8.1.jar;E:\maven\location\mybatis\mybatis\0.0.1-SNAPSHOT\mybatis-0.0.1-SNAPSHOT.jar;E:\maven\location\org\mybatis\mybatis\3.4.4\mybatis-3.4.4.jar;E:\maven\location\org\mybatis\mybatis-spring\1.3.1\mybatis-spring-1.3.1.jar;E:\maven\location\io\jsonwebtoken\jjwt\0.7.0\jjwt-0.7.0.jar;E:\maven\location\com\fasterxml\jackson\core\jackson-databind\2.9.6\jackson-databind-2.9.6.jar;E:\maven\location\com\fasterxml\jackson\core\jackson-annotations\2.9.0\jackson-annotations-2.9.0.jar;E:\maven\location\com\fasterxml\jackson\core\jackson-core\2.9.6\jackson-core-2.9.6.jar;E:\maven\location\org\apache\httpcomponents\httpclient\4.5.5\httpclient-4.5.5.jar;E:\maven\location\org\apache\httpcomponents\httpcore\4.4.9\httpcore-4.4.9.jar;E:\maven\location\commons-codec\commons-codec\1.11\commons-codec-1.11.jar;E:\maven\location\org\springframework\boot\spring-boot-starter-web\2.0.3.RELEASE\spring-boot-starter-web-2.0.3.RELEASE.jar;E:\maven\location\org\springframework\boot\spring-boot-starter\2.0.3.RELEASE\spring-boot-starter-2.0.3.RELEASE.jar;E:\maven\location\org\springframework\boot\spring-boot\2.0.3.RELEASE\spring-boot-2.0.3.RELEASE.jar;E:\maven\location\org\springframework\boot\spring-boot-autoconfigure\2.0.3.RELEASE\spring-boot-autoconfigure-2.0.3.RELEASE.jar;E:\maven\location\org\springframework\boot\spring-boot-starter-logging\2.0.3.RELEASE\spring-boot-starter-logging-2.0.3.RELEASE.jar;E:\maven\location\ch\qos\logback\logback-classic\1.2.3\logback-classic-1.2.3.jar;E:\maven\location\ch\qos\logback\logback-core\1.2.3\logback-core-1.2.3.jar;E:\maven\location\org\apache\logging\log4j\log4j-to-slf4j\2.10.0\log4j-to-slf4j-2.10.0.jar;E:\maven\location\org\apache\logging\log4j\log4j-api\2.10.0\log4j-api-2.10.0.jar;E:\maven\location\org\slf4j\jul-to-slf4j\1.7.25\jul-to-slf4j-1.7.25.jar;E:\maven\location\javax\annotation\javax.annotation-api\1.3.2\javax.annotation-api-1.3.2.jar;E:\maven\location\org\yaml\snakeyaml\1.19\snakeyaml-1.19.jar;E:\maven\location\org\springframework\boot\spring-boot-starter-json\2.0.3.RELEASE\spring-boot-starter-json-2.0.3.RELEASE.jar;E:\maven\location\com\fasterxml\jackson\datatype\jackson-datatype-jdk8\2.9.6\jackson-datatype-jdk8-2.9.6.jar;E:\maven\location\com\fasterxml\jackson\datatype\jackson-datatype-jsr310\2.9.6\jackson-datatype-jsr310-2.9.6.jar;E:\maven\location\com\fasterxml\jackson\module\jackson-module-parameter-names\2.9.6\jackson-module-parameter-names-2.9.6.jar;E:\maven\location\org\springframework\boot\spring-boot-starter-tomcat\2.0.3.RELEASE\spring-boot-starter-tomcat-2.0.3.RELEASE.jar;E:\maven\location\org\apache\tomcat\embed\tomcat-embed-core\8.5.31\tomcat-embed-core-8.5.31.jar;E:\maven\location\org\apache\tomcat\embed\tomcat-embed-el\8.5.31\tomcat-embed-el-8.5.31.jar;E:\maven\location\org\apache\tomcat\embed\tomcat-embed-websocket\8.5.31\tomcat-embed-websocket-8.5.31.jar;E:\maven\location\org\hibernate\validator\hibernate-validator\6.0.10.Final\hibernate-validator-6.0.10.Final.jar;E:\maven\location\javax\validation\validation-api\2.0.1.Final\validation-api-2.0.1.Final.jar;E:\maven\location\org\jboss\logging\jboss-logging\3.3.2.Final\jboss-logging-3.3.2.Final.jar;E:\maven\location\com\fasterxml\classmate\1.3.4\classmate-1.3.4.jar;E:\maven\location\org\springframework\spring-web\5.0.7.RELEASE\spring-web-5.0.7.RELEASE.jar;E:\maven\location\org\springframework\spring-beans\5.0.7.RELEASE\spring-beans-5.0.7.RELEASE.jar;E:\maven\location\org\springframework\spring-webmvc\5.0.7.RELEASE\spring-webmvc-5.0.7.RELEASE.jar;E:\maven\location\org\springframework\spring-aop\5.0.7.RELEASE\spring-aop-5.0.7.RELEASE.jar;E:\maven\location\org\springframework\spring-context\5.0.7.RELEASE\spring-context-5.0.7.RELEASE.jar;E:\maven\location\org\springframework\spring-expression\5.0.7.RELEASE\spring-expression-5.0.7.RELEASE.jar;E:\maven\location\mysql\mysql-connector-java\5.1.46\mysql-connector-java-5.1.46.jar;E:\maven\location\org\springframework\boot\spring-boot-starter-jdbc\2.0.3.RELEASE\spring-boot-starter-jdbc-2.0.3.RELEASE.jar;E:\maven\location\com\zaxxer\HikariCP\2.7.9\HikariCP-2.7.9.jar;E:\maven\location\org\slf4j\slf4j-api\1.7.25\slf4j-api-1.7.25.jar;E:\maven\location\org\springframework\spring-jdbc\5.0.7.RELEASE\spring-jdbc-5.0.7.RELEASE.jar;E:\maven\location\org\springframework\spring-tx\5.0.7.RELEASE\spring-tx-5.0.7.RELEASE.jar;E:\maven\location\org\springframework\boot\spring-boot-starter-test\2.0.3.RELEASE\spring-boot-starter-test-2.0.3.RELEASE.jar;E:\maven\location\org\springframework\boot\spring-boot-test\2.0.3.RELEASE\spring-boot-test-2.0.3.RELEASE.jar;E:\maven\location\org\springframework\boot\spring-boot-test-autoconfigure\2.0.3.RELEASE\spring-boot-test-autoconfigure-2.0.3.RELEASE.jar;E:\maven\location\com\jayway\jsonpath\json-path\2.4.0\json-path-2.4.0.jar;E:\maven\location\net\minidev\json-smart\2.3\json-smart-2.3.jar;E:\maven\location\net\minidev\accessors-smart\1.2\accessors-smart-1.2.jar;E:\maven\location\org\ow2\asm\asm\5.0.4\asm-5.0.4.jar;E:\maven\location\org\assertj\assertj-core\3.9.1\assertj-core-3.9.1.jar;E:\maven\location\org\mockito\mockito-core\2.15.0\mockito-core-2.15.0.jar;E:\maven\location\net\bytebuddy\byte-buddy\1.7.11\byte-buddy-1.7.11.jar;E:\maven\location\net\bytebuddy\byte-buddy-agent\1.7.11\byte-buddy-agent-1.7.11.jar;E:\maven\location\org\objenesis\objenesis\2.6\objenesis-2.6.jar;E:\maven\location\org\hamcrest\hamcrest-core\1.3\hamcrest-core-1.3.jar;E:\maven\location\org\hamcrest\hamcrest-library\1.3\hamcrest-library-1.3.jar;E:\maven\location\org\skyscreamer\jsonassert\1.5.0\jsonassert-1.5.0.jar;E:\maven\location\com\vaadin\external\google\android-json\0.0.20131108.vaadin1\android-json-0.0.20131108.vaadin1.jar;E:\maven\location\org\springframework\spring-core\5.0.7.RELEASE\spring-core-5.0.7.RELEASE.jar;E:\maven\location\org\springframework\spring-jcl\5.0.7.RELEASE\spring-jcl-5.0.7.RELEASE.jar;E:\maven\location\org\springframework\spring-test\5.0.7.RELEASE\spring-test-5.0.7.RELEASE.jar;E:\maven\location\org\xmlunit\xmlunit-core\2.5.1\xmlunit-core-2.5.1.jar;"/>
    <property name="sun.cpu.endian" value="little"/>
    <property name="user.home" value="C:\Users\Administrator"/>
    <property name="user.language" value="zh"/>
    <property name="java.specification.vendor" value="Oracle Corporation"/>
    <property name="java.home" value="E:\java_____jdk"/>
    <property name="basedir" value="D:\eclipse-workspace\DefeatEast\util"/>
    <property name="file.separator" value="\"/>
    <property name="line.separator" value="&#10;"/>
    <property name="java.vm.specification.vendor" value="Oracle Corporation"/>
    <property name="java.specification.name" value="Java Platform API Specification"/>
    <property name="java.awt.graphicsenv" value="sun.awt.Win32GraphicsEnvironment"/>
    <property name="surefire.real.class.path" value="C:\Users\ADMINI~1\AppData\Local\Temp\surefire1417710459051081610\surefirebooter38107348710500003.jar"/>
    <property name="sun.boot.class.path" value="E:\java_____jdk\lib\resources.jar;E:\java_____jdk\lib\rt.jar;E:\java_____jdk\lib\sunrsasign.jar;E:\java_____jdk\lib\jsse.jar;E:\java_____jdk\lib\jce.jar;E:\java_____jdk\lib\charsets.jar;E:\java_____jdk\lib\jfr.jar;E:\java_____jdk\classes"/>
    <property name="user.script" value=""/>
    <property name="sun.management.compiler" value="HotSpot 64-Bit Tiered Compilers"/>
    <property name="java.runtime.version" value="1.8.0_40-b26"/>
    <property name="user.name" value="Administrator"/>
    <property name="path.separator" value=";"/>
    <property name="os.version" value="6.1"/>
    <property name="java.endorsed.dirs" value="E:\java_____jdk\lib\endorsed"/>
    <property name="java.runtime.name" value="Java(TM) SE Runtime Environment"/>
    <property name="file.encoding" value="GBK"/>
    <property name="java.vm.name" value="Java HotSpot(TM) 64-Bit Server VM"/>
    <property name="localRepository" value="E:\maven\location"/>
    <property name="java.vendor.url.bug" value="http://bugreport.sun.com/bugreport/"/>
    <property name="java.io.tmpdir" value="C:\Users\ADMINI~1\AppData\Local\Temp\"/>
    <property name="java.version" value="1.8.0_40"/>
    <property name="user.dir" value="D:\eclipse-workspace\DefeatEast\util"/>
    <property name="os.arch" value="amd64"/>
    <property name="java.vm.specification.name" value="Java Virtual Machine Specification"/>
    <property name="java.awt.printerjob" value="sun.awt.windows.WPrinterJob"/>
    <property name="sun.os.patch.level" value="Service Pack 1"/>
    <property name="java.library.path" value="E:\java_____jdk\bin;C:\Windows\Sun\Java\bin;C:\Windows\system32;C:\Windows;E:/java_____jdk/bin/server;E:/java_____jdk/bin;E:/java_____jdk/lib/amd64;E:\maven\apache-maven-3.5.0\bin;D:\memcached-1.4.5-amd64\memcached-amd64;D:\redis;C:\Program Files (x86)\Common Files\Microsoft Shared\Windows Live;E:\java_____jdk\bin;C:\ProgramData\Oracle\Java\javapath;C:\Windows\system32;C:\Windows;C:\Windows\System32\Wbem;C:\Windows\System32\WindowsPowerShell\v1.0\;C:\Program Files\MySQL\MySQL Utilities 1.6\;C:\Program Files (x86)\NVIDIA Corporation\PhysX\Common;E:\jdk\Git\cmd;C:\Program Files\Common Files\Microsoft Shared\Windows Live;E:\eclipse-jee-oxygen-1a-win32-x86_64\eclipse;;."/>
    <property name="java.vm.info" value="mixed mode"/>
    <property name="java.vendor" value="Oracle Corporation"/>
    <property name="java.vm.version" value="25.40-b25"/>
    <property name="java.ext.dirs" value="E:\java_____jdk\lib\ext;C:\Windows\Sun\Java\lib\ext"/>
    <property name="sun.io.unicode.encoding" value="UnicodeLittle"/>
    <property name="java.class.version" value="52.0"/>
  </properties>
  <testcase name="testApp" classname="org.util.AppTest" time="0.001"/>
</testsuite>